<?xml version="1.0" encoding="UTF-8"?>
<testng-results skipped="0" failed="0" ignored="0" total="3" passed="3">
  <reporter-output>
  </reporter-output>
  <suite name="Default suite" duration-ms="10120" started-at="2021-02-27T14:31:41Z" finished-at="2021-02-27T14:31:51Z">
    <groups>
    </groups>
    <test name="Default test" duration-ms="10120" started-at="2021-02-27T14:31:41Z" finished-at="2021-02-27T14:31:51Z">
      <class name="RestAssured.Practice.DynamicJSON">
        <test-method status="PASS" signature="addBook(java.lang.String, java.lang.String)[pri:0, instance:RestAssured.Practice.DynamicJSON@59fa1d9b]" name="addBook" duration-ms="6995" started-at="2021-02-27T14:31:41Z" data-provider="BooksData" finished-at="2021-02-27T14:31:48Z">
          <params>
            <param index="0">
              <value>
                <![CDATA[asdfghhh]]>
              </value>
            </param>
            <param index="1">
              <value>
                <![CDATA[846545]]>
              </value>
            </param>
          </params>
          <reporter-output>
          </reporter-output>
        </test-method> <!-- addBook -->
        <test-method status="PASS" signature="addBook(java.lang.String, java.lang.String)[pri:0, instance:RestAssured.Practice.DynamicJSON@59fa1d9b]" name="addBook" duration-ms="2825" started-at="2021-02-27T14:31:48Z" data-provider="BooksData" finished-at="2021-02-27T14:31:51Z">
          <params>
            <param index="0">
              <value>
                <![CDATA[tyui]]>
              </value>
            </param>
            <param index="1">
              <value>
                <![CDATA[2345]]>
              </value>
            </param>
          </params>
          <reporter-output>
          </reporter-output>
        </test-method> <!-- addBook -->
        <test-method status="PASS" signature="addBook(java.lang.String, java.lang.String)[pri:0, instance:RestAssured.Practice.DynamicJSON@59fa1d9b]" name="addBook" duration-ms="225" started-at="2021-02-27T14:31:51Z" data-provider="BooksData" finished-at="2021-02-27T14:31:51Z">
          <params>
            <param index="0">
              <value>
                <![CDATA[xcvbn]]>
              </value>
            </param>
            <param index="1">
              <value>
                <![CDATA[567456]]>
              </value>
            </param>
          </params>
          <reporter-output>
          </reporter-output>
        </test-method> <!-- addBook -->
      </class> <!-- RestAssured.Practice.DynamicJSON -->
    </test> <!-- Default test -->
  </suite> <!-- Default suite -->
</testng-results>
