<?xml version="1.0" encoding="UTF-8"?>
<!-- Generated by org.testng.reporters.JUnitXMLReporter -->
<testsuite hostname="DESKTOP-HC5CKN9" ignored="0" name="Default test" tests="3" failures="0" timestamp="27 Feb 2021 14:31:51 GMT" time="10.12" errors="0">
  <testcase name="addBook" time="6.995" classname="RestAssured.Practice.DynamicJSON"/>
  <testcase name="addBook" time="2.825" classname="RestAssured.Practice.DynamicJSON"/>
  <testcase name="addBook" time="0.225" classname="RestAssured.Practice.DynamicJSON"/>
</testsuite> <!-- Default test -->
